<?xml version="1.0" encoding="UTF-8"?>
<testng-results ignored="0" total="2" passed="2" failed="0" skipped="0">
  <reporter-output>
  </reporter-output>
  <suite started-at="2023-12-20T12:44:28 IST" name="Default suite" finished-at="2023-12-20T12:44:34 IST" duration-ms="5643">
    <groups>
    </groups>
    <test started-at="2023-12-20T12:44:28 IST" name="Default test" finished-at="2023-12-20T12:44:34 IST" duration-ms="5643">
      <class name="courseEndProject.Assignment005And006">
        <test-method signature="assignment005FindByStatus()[pri:49, instance:courseEndProject.Assignment005And006@5d0a1059]" started-at="2023-12-20T12:44:28 IST" name="assignment005FindByStatus" finished-at="2023-12-20T12:44:32 IST" duration-ms="3361" status="PASS">
          <reporter-output>
          </reporter-output>
        </test-method> <!-- assignment005FindByStatus -->
        <test-method signature="assignment006Logout()[pri:50, instance:courseEndProject.Assignment005And006@5d0a1059]" started-at="2023-12-20T12:44:32 IST" name="assignment006Logout" finished-at="2023-12-20T12:44:34 IST" duration-ms="2234" status="PASS">
          <reporter-output>
          </reporter-output>
        </test-method> <!-- assignment006Logout -->
      </class> <!-- courseEndProject.Assignment005And006 -->
    </test> <!-- Default test -->
  </suite> <!-- Default suite -->
</testng-results>
