<?xml version="1.0" encoding="UTF-8"?>
<!-- Generated by org.testng.reporters.JUnitXMLReporter -->
<testsuite ignored="0" hostname="LAPTOP-CF7R0JKV" failures="0" tests="2" name="Default test" time="5.643" errors="0" timestamp="2023-12-20T12:44:34 IST">
  <testcase classname="courseEndProject.Assignment005And006" name="assignment005FindByStatus" time="3.361"/>
  <testcase classname="courseEndProject.Assignment005And006" name="assignment006Logout" time="2.234"/>
</testsuite> <!-- Default test -->
